# JRE version: OpenJDK Runtime Environment (17.0.6) (build 17.0.6+0-b2043.56-10027231)
# Java VM: OpenJDK 64-Bit Server VM (17.0.6+0-b2043.56-10027231, mixed mode, tiered, compressed oops, compressed class ptrs, g1 gc, windows-amd64)
GC Precious Log:
 CPUs: 12 total, 12 available
 Memory: 7502M
 Large Page Support: Disabled
 NUMA Support: Disabled
 Compressed Oops: Enabled (32-bit)
 Heap Region Size: 1M
 Heap Min Capacity: 8M
 Heap Initial Capacity: 118M
 Heap Max Capacity: 1876M
 Pre-touch: Disabled
 Parallel Workers: 10
 Concurrent Workers: 3
 Concurrent Refinement Workers: 10
 Periodic GC: Disabled
Heap:
 garbage-first heap   total 130048K, used 47850K [0x000000008ac00000, 0x0000000100000000)
  region size 1024K, 8 young (8192K), 2 survivors (2048K)
 Metaspace       used 52187K, committed 52480K, reserved 1097728K
  class space    used 6258K, committed 6400K, reserved 1048576K
GC Heap History (20 events):
Event: 1.200 GC heap before
{Heap before GC invocations=2 (full 0):
 garbage-first heap   total 120832K, used 11837K [0x000000008ac00000, 0x0000000100000000)
  region size 1024K, 6 young (6144K), 4 survivors (4096K)
 Metaspace       used 21361K, committed 21504K, reserved 1073152K
  class space    used 2384K, committed 2432K, reserved 1048576K
}
Event: 1.205 GC heap after
{Heap after GC invocations=3 (full 0):
 garbage-first heap   total 120832K, used 11285K [0x000000008ac00000, 0x0000000100000000)
  region size 1024K, 4 young (4096K), 4 survivors (4096K)
 Metaspace       used 21361K, committed 21504K, reserved 1073152K
  class space    used 2384K, committed 2432K, reserved 1048576K
}
Event: 1.568 GC heap before
{Heap before GC invocations=4 (full 0):
 garbage-first heap   total 45056K, used 34837K [0x000000008ac00000, 0x0000000100000000)
  region size 1024K, 24 young (24576K), 4 survivors (4096K)
 Metaspace       used 26903K, committed 27136K, reserved 1073152K
  class space    used 2995K, committed 3072K, reserved 1048576K
}
Event: 1.583 GC heap after
{Heap after GC invocations=5 (full 0):
 garbage-first heap   total 47104K, used 21415K [0x000000008ac00000, 0x0000000100000000)
  region size 1024K, 4 young (4096K), 4 survivors (4096K)
 Metaspace       used 26903K, committed 27136K, reserved 1073152K
  class space    used 2995K, committed 3072K, reserved 1048576K
}
Event: 1.631 GC heap before
{Heap before GC invocations=5 (full 0):
 garbage-first heap   total 47104K, used 22439K [0x000000008ac00000, 0x0000000100000000)
  region size 1024K, 5 young (5120K), 4 survivors (4096K)
 Metaspace       used 27766K, committed 28032K, reserved 1081344K
  class space    used 3093K, committed 3200K, reserved 1048576K
}
Event: 1.636 GC heap after
{Heap after GC invocations=6 (full 0):
 garbage-first heap   total 47104K, used 22293K [0x000000008ac00000, 0x0000000100000000)
  region size 1024K, 1 young (1024K), 1 survivors (1024K)
 Metaspace       used 27766K, committed 28032K, reserved 1081344K
  class space    used 3093K, committed 3200K, reserved 1048576K
}
Event: 1.892 GC heap before
{Heap before GC invocations=6 (full 0):
 garbage-first heap   total 47104K, used 31509K [0x000000008ac00000, 0x0000000100000000)
  region size 1024K, 11 young (11264K), 1 survivors (1024K)
 Metaspace       used 30835K, committed 31104K, reserved 1081344K
  class space    used 3533K, committed 3648K, reserved 1048576K
}
Event: 1.896 GC heap after
{Heap after GC invocations=7 (full 0):
 garbage-first heap   total 66560K, used 22245K [0x000000008ac00000, 0x0000000100000000)
  region size 1024K, 1 young (1024K), 1 survivors (1024K)
 Metaspace       used 30835K, committed 31104K, reserved 1081344K
  class space    used 3533K, committed 3648K, reserved 1048576K
}
Event: 2.392 GC heap before
{Heap before GC invocations=8 (full 0):
 garbage-first heap   total 66560K, used 47845K [0x000000008ac00000, 0x0000000100000000)
  region size 1024K, 25 young (25600K), 1 survivors (1024K)
 Metaspace       used 34209K, committed 34496K, reserved 1081344K
  class space    used 4361K, committed 4480K, reserved 1048576K
}
Event: 2.400 GC heap after
{Heap after GC invocations=9 (full 0):
 garbage-first heap   total 66560K, used 29380K [0x000000008ac00000, 0x0000000100000000)
  region size 1024K, 4 young (4096K), 4 survivors (4096K)
 Metaspace       used 34209K, committed 34496K, reserved 1081344K
  class space    used 4361K, committed 4480K, reserved 1048576K
}
Event: 2.412 GC heap before
{Heap before GC invocations=9 (full 0):
 garbage-first heap   total 66560K, used 30404K [0x000000008ac00000, 0x0000000100000000)
  region size 1024K, 5 young (5120K), 4 survivors (4096K)
 Metaspace       used 34480K, committed 34688K, reserved 1081344K
  class space    used 4399K, committed 4480K, reserved 1048576K
}
Event: 2.416 GC heap after
{Heap after GC invocations=10 (full 0):
 garbage-first heap   total 66560K, used 28126K [0x000000008ac00000, 0x0000000100000000)
  region size 1024K, 1 young (1024K), 1 survivors (1024K)
 Metaspace       used 34480K, committed 34688K, reserved 1081344K
  class space    used 4399K, committed 4480K, reserved 1048576K
}
Event: 2.667 GC heap before
{Heap before GC invocations=10 (full 0):
 garbage-first heap   total 66560K, used 47582K [0x000000008ac00000, 0x0000000100000000)
  region size 1024K, 20 young (20480K), 1 survivors (1024K)
 Metaspace       used 38347K, committed 38592K, reserved 1089536K
  class space    used 4848K, committed 4928K, reserved 1048576K
}
Event: 2.671 GC heap after
{Heap after GC invocations=11 (full 0):
 garbage-first heap   total 66560K, used 28357K [0x000000008ac00000, 0x0000000100000000)
  region size 1024K, 3 young (3072K), 3 survivors (3072K)
 Metaspace       used 38347K, committed 38592K, reserved 1089536K
  class space    used 4848K, committed 4928K, reserved 1048576K
}
Event: 2.977 GC heap before
{Heap before GC invocations=11 (full 0):
 garbage-first heap   total 66560K, used 46789K [0x000000008ac00000, 0x0000000100000000)
  region size 1024K, 22 young (22528K), 3 survivors (3072K)
 Metaspace       used 42043K, committed 42304K, reserved 1089536K
  class space    used 5195K, committed 5312K, reserved 1048576K
}
Event: 2.982 GC heap after
{Heap after GC invocations=12 (full 0):
 garbage-first heap   total 130048K, used 30352K [0x000000008ac00000, 0x0000000100000000)
  region size 1024K, 3 young (3072K), 3 survivors (3072K)
 Metaspace       used 42043K, committed 42304K, reserved 1089536K
  class space    used 5195K, committed 5312K, reserved 1048576K
}
Event: 3.991 GC heap before
{Heap before GC invocations=12 (full 0):
 garbage-first heap   total 130048K, used 102032K [0x000000008ac00000, 0x0000000100000000)
  region size 1024K, 70 young (71680K), 3 survivors (3072K)
 Metaspace       used 49895K, committed 50176K, reserved 1097728K
  class space    used 6003K, committed 6144K, reserved 1048576K
}
Event: 4.000 GC heap after
{Heap after GC invocations=13 (full 0):
 garbage-first heap   total 130048K, used 41081K [0x000000008ac00000, 0x0000000100000000)
  region size 1024K, 9 young (9216K), 9 survivors (9216K)
 Metaspace       used 49895K, committed 50176K, reserved 1097728K
  class space    used 6003K, committed 6144K, reserved 1048576K
}
Event: 4.160 GC heap before
{Heap before GC invocations=13 (full 0):
 garbage-first heap   total 130048K, used 49273K [0x000000008ac00000, 0x0000000100000000)
  region size 1024K, 18 young (18432K), 9 survivors (9216K)
 Metaspace       used 51859K, committed 52096K, reserved 1097728K
  class space    used 6245K, committed 6400K, reserved 1048576K
}
Event: 4.167 GC heap after
{Heap after GC invocations=14 (full 0):
 garbage-first heap   total 130048K, used 42730K [0x000000008ac00000, 0x0000000100000000)
  region size 1024K, 2 young (2048K), 2 survivors (2048K)
 Metaspace       used 51859K, committed 52096K, reserved 1097728K
  class space    used 6245K, committed 6400K, reserved 1048576K
}

