# JRE version: OpenJDK Runtime Environment (17.0.6) (build 17.0.6+0-b2043.56-10027231)
# Java VM: OpenJDK 64-Bit Server VM (17.0.6+0-b2043.56-10027231, mixed mode, tiered, compressed oops, compressed class ptrs, g1 gc, windows-amd64)
GC Precious Log:
 CPUs: 12 total, 12 available
 Memory: 7502M
 Large Page Support: Disabled
 NUMA Support: Disabled
 Compressed Oops: Enabled (32-bit)
 Heap Region Size: 1M
 Heap Min Capacity: 8M
 Heap Initial Capacity: 118M
 Heap Max Capacity: 1876M
 Pre-touch: Disabled
 Parallel Workers: 10
 Concurrent Workers: 3
 Concurrent Refinement Workers: 10
 Periodic GC: Disabled
Heap:
 garbage-first heap   total 106496K, used 71494K [0x000000008ac00000, 0x0000000100000000)
  region size 1024K, 18 young (18432K), 4 survivors (4096K)
 Metaspace       used 62063K, committed 62400K, reserved 1105920K
  class space    used 7392K, committed 7552K, reserved 1048576K
GC Heap History (20 events):
Event: 3.766 GC heap before
{Heap before GC invocations=10 (full 0):
 garbage-first heap   total 63488K, used 45275K [0x000000008ac00000, 0x0000000100000000)
  region size 1024K, 18 young (18432K), 1 survivors (1024K)
 Metaspace       used 37629K, committed 37888K, reserved 1089536K
  class space    used 4755K, committed 4864K, reserved 1048576K
}
Event: 3.771 GC heap after
{Heap after GC invocations=11 (full 0):
 garbage-first heap   total 63488K, used 27476K [0x000000008ac00000, 0x0000000100000000)
  region size 1024K, 2 young (2048K), 2 survivors (2048K)
 Metaspace       used 37629K, committed 37888K, reserved 1089536K
  class space    used 4755K, committed 4864K, reserved 1048576K
}
Event: 4.311 GC heap before
{Heap before GC invocations=11 (full 0):
 garbage-first heap   total 63488K, used 45908K [0x000000008ac00000, 0x0000000100000000)
  region size 1024K, 21 young (21504K), 2 survivors (2048K)
 Metaspace       used 41208K, committed 41472K, reserved 1089536K
  class space    used 5131K, committed 5248K, reserved 1048576K
}
Event: 4.318 GC heap after
{Heap after GC invocations=12 (full 0):
 garbage-first heap   total 88064K, used 29822K [0x000000008ac00000, 0x0000000100000000)
  region size 1024K, 3 young (3072K), 3 survivors (3072K)
 Metaspace       used 41208K, committed 41472K, reserved 1089536K
  class space    used 5131K, committed 5248K, reserved 1048576K
}
Event: 5.359 GC heap before
{Heap before GC invocations=12 (full 0):
 garbage-first heap   total 88064K, used 62590K [0x000000008ac00000, 0x0000000100000000)
  region size 1024K, 33 young (33792K), 3 survivors (3072K)
 Metaspace       used 48116K, committed 48384K, reserved 1097728K
  class space    used 5827K, committed 5952K, reserved 1048576K
}
Event: 5.369 GC heap after
{Heap after GC invocations=13 (full 0):
 garbage-first heap   total 88064K, used 35534K [0x000000008ac00000, 0x0000000100000000)
  region size 1024K, 5 young (5120K), 5 survivors (5120K)
 Metaspace       used 48116K, committed 48384K, reserved 1097728K
  class space    used 5827K, committed 5952K, reserved 1048576K
}
Event: 6.136 GC heap before
{Heap before GC invocations=13 (full 0):
 garbage-first heap   total 88064K, used 65230K [0x000000008ac00000, 0x0000000100000000)
  region size 1024K, 33 young (33792K), 5 survivors (5120K)
 Metaspace       used 49467K, committed 49728K, reserved 1097728K
  class space    used 5964K, committed 6080K, reserved 1048576K
}
Event: 6.154 GC heap after
{Heap after GC invocations=14 (full 0):
 garbage-first heap   total 88064K, used 39392K [0x000000008ac00000, 0x0000000100000000)
  region size 1024K, 4 young (4096K), 4 survivors (4096K)
 Metaspace       used 49467K, committed 49728K, reserved 1097728K
  class space    used 5964K, committed 6080K, reserved 1048576K
}
Event: 6.811 GC heap before
{Heap before GC invocations=14 (full 0):
 garbage-first heap   total 88064K, used 58848K [0x000000008ac00000, 0x0000000100000000)
  region size 1024K, 25 young (25600K), 4 survivors (4096K)
 Metaspace       used 51865K, committed 52160K, reserved 1097728K
  class space    used 6240K, committed 6400K, reserved 1048576K
}
Event: 6.824 GC heap after
{Heap after GC invocations=15 (full 0):
 garbage-first heap   total 88064K, used 42649K [0x000000008ac00000, 0x0000000100000000)
  region size 1024K, 4 young (4096K), 4 survivors (4096K)
 Metaspace       used 51865K, committed 52160K, reserved 1097728K
  class space    used 6240K, committed 6400K, reserved 1048576K
}
Event: 7.749 GC heap before
{Heap before GC invocations=16 (full 0):
 garbage-first heap   total 88064K, used 67225K [0x000000008ac00000, 0x0000000100000000)
  region size 1024K, 28 young (28672K), 4 survivors (4096K)
 Metaspace       used 54893K, committed 55168K, reserved 1097728K
  class space    used 6583K, committed 6720K, reserved 1048576K
}
Event: 7.766 GC heap after
{Heap after GC invocations=17 (full 0):
 garbage-first heap   total 88064K, used 47540K [0x000000008ac00000, 0x0000000100000000)
  region size 1024K, 4 young (4096K), 4 survivors (4096K)
 Metaspace       used 54893K, committed 55168K, reserved 1097728K
  class space    used 6583K, committed 6720K, reserved 1048576K
}
Event: 8.368 GC heap before
{Heap before GC invocations=17 (full 0):
 garbage-first heap   total 88064K, used 68020K [0x000000008ac00000, 0x0000000100000000)
  region size 1024K, 24 young (24576K), 4 survivors (4096K)
 Metaspace       used 56202K, committed 56448K, reserved 1105920K
  class space    used 6645K, committed 6784K, reserved 1048576K
}
Event: 8.384 GC heap after
{Heap after GC invocations=18 (full 0):
 garbage-first heap   total 106496K, used 51200K [0x000000008ac00000, 0x0000000100000000)
  region size 1024K, 3 young (3072K), 3 survivors (3072K)
 Metaspace       used 56202K, committed 56448K, reserved 1105920K
  class space    used 6645K, committed 6784K, reserved 1048576K
}
Event: 9.186 GC heap before
{Heap before GC invocations=19 (full 0):
 garbage-first heap   total 106496K, used 80896K [0x000000008ac00000, 0x0000000100000000)
  region size 1024K, 32 young (32768K), 3 survivors (3072K)
 Metaspace       used 57658K, committed 57920K, reserved 1105920K
  class space    used 6787K, committed 6912K, reserved 1048576K
}
Event: 9.204 GC heap after
{Heap after GC invocations=20 (full 0):
 garbage-first heap   total 106496K, used 56320K [0x000000008ac00000, 0x0000000100000000)
  region size 1024K, 4 young (4096K), 4 survivors (4096K)
 Metaspace       used 57658K, committed 57920K, reserved 1105920K
  class space    used 6787K, committed 6912K, reserved 1048576K
}
Event: 9.218 GC heap before
{Heap before GC invocations=20 (full 0):
 garbage-first heap   total 106496K, used 57344K [0x000000008ac00000, 0x0000000100000000)
  region size 1024K, 5 young (5120K), 4 survivors (4096K)
 Metaspace       used 57665K, committed 57920K, reserved 1105920K
  class space    used 6787K, committed 6912K, reserved 1048576K
}
Event: 9.231 GC heap after
{Heap after GC invocations=21 (full 0):
 garbage-first heap   total 106496K, used 56465K [0x000000008ac00000, 0x0000000100000000)
  region size 1024K, 1 young (1024K), 1 survivors (1024K)
 Metaspace       used 57665K, committed 57920K, reserved 1105920K
  class space    used 6787K, committed 6912K, reserved 1048576K
}
Event: 10.088 GC heap before
{Heap before GC invocations=21 (full 0):
 garbage-first heap   total 106496K, used 81041K [0x000000008ac00000, 0x0000000100000000)
  region size 1024K, 26 young (26624K), 1 survivors (1024K)
 Metaspace       used 59446K, committed 59648K, reserved 1105920K
  class space    used 6997K, committed 7104K, reserved 1048576K
}
Event: 10.102 GC heap after
{Heap after GC invocations=22 (full 0):
 garbage-first heap   total 106496K, used 59206K [0x000000008ac00000, 0x0000000100000000)
  region size 1024K, 4 young (4096K), 4 survivors (4096K)
 Metaspace       used 59446K, committed 59648K, reserved 1105920K
  class space    used 6997K, committed 7104K, reserved 1048576K
}

